timestamp: 2024-05-15 22:35:00.595,level: INFO,message: Getting all clients of database.;
timestamp: 2024-05-15 22:37:57.546,level: INFO,message: Getting all clients of database.;
timestamp: 2024-05-15 22:37:59.853,level: INFO,message: Getting all clients of database.;
timestamp: 2024-05-15 22:38:01.216,level: INFO,message: Getting all clients of database.;
timestamp: 2024-05-16 09:09:04.071,level: INFO,message: Getting all clients of database;
timestamp: 2024-05-16 09:10:29.379,level: INFO,message: Client with email: marcelo.korin@gmail.com was registered successfully;
timestamp: 2024-05-16 09:18:02.23,level: INFO,message: Getting all clients of database;
timestamp: 2024-05-16 10:09:43.213,level: INFO,message: Getting all clients of database;
timestamp: 2024-05-16 10:11:37.963,level: INFO,message: Getting all clients of database;
timestamp: 2024-05-16 10:12:23.73,level: INFO,message: Getting all clients of database;
timestamp: 2024-05-16 10:14:01.151,level: INFO,message: Getting all clients of database;
timestamp: 2024-05-16 10:18:46.757,level: INFO,message: Getting all clients of database;
timestamp: 2024-05-16 10:18:53.895,level: INFO,message: Getting all clients of database;
timestamp: 2024-05-16 10:19:11.31,level: INFO,message: Getting all clients of database;
timestamp: 2024-05-16 10:19:13.009,level: INFO,message: Getting all clients of database;
timestamp: 2024-05-16 10:26:46.38,level: INFO,message: Get client with email: eduardo.sim@gmail.com successfully;
timestamp: 2024-05-16 10:29:09.513,level: INFO,message: Get client with email: eduardo.sim@gmail.com successfully;
timestamp: 2024-05-16 10:29:15.474,level: INFO,message: Getting all clients of database;
timestamp: 2024-05-16 10:29:17.551,level: INFO,message: Getting all clients of database;
timestamp: 2024-05-16 10:29:18.818,level: INFO,message: Getting all clients of database;
timestamp: 2024-05-16 10:29:19.927,level: INFO,message: Getting all clients of database;
timestamp: 2024-05-16 10:29:21.016,level: INFO,message: Getting all clients of database;
timestamp: 2024-05-18 00:16:46.976,level: INFO,message: Getting all clients of database;
timestamp: 2024-05-18 00:17:18.428,level: INFO,message: Getting all clients of database;
timestamp: 2024-05-18 00:19:24.654,level: INFO,message: Get client with email: marcelo.korin@gmail.com successfully;
timestamp: 2024-05-18 19:18:25.492,level: INFO,message: Client with email: lucas@gmail.com was registered successfully;
timestamp: 2024-05-18 19:19:02.384,level: INFO,message: Client with email: lucas@gmail.com was registered successfully;
timestamp: 2024-05-18 19:19:31.656,level: INFO,message: Client with email: lucas@gmail.com was registered successfully;
timestamp: 2024-05-18 19:21:34.882,level: INFO,message: Client with email: lucas@gmail.com was registered successfully;
timestamp: 2024-05-18 19:22:10.95,level: INFO,message: Client with email: lucas@gmail.com was registered successfully;
timestamp: 2024-05-18 19:23:02.921,level: INFO,message: Client with email: lucas@gmail.com was registered successfully;
timestamp: 2024-05-18 19:23:47.691,level: INFO,message: Client with email: lucas@gmail.com was registered successfully;
timestamp: 2024-05-18 19:24:25.533,level: INFO,message: Client with email: lucas@gmail.com was registered successfully;
timestamp: 2024-05-18 19:24:34.838,level: INFO,message: Client with email: lucas@gmail.com was registered successfully;
timestamp: 2024-05-18 19:24:47.52,level: INFO,message: Client with email: lucas@gmail.com was registered successfully;
timestamp: 2024-05-18 19:35:59.702,level: INFO,message: Client with email: lucas@gmail.com was registered successfully;
timestamp: 2024-05-18 19:35:59.757,level: INFO,message: Client with email: lucas@gmail.com was registered successfully;
timestamp: 2024-05-18 19:36:36.893,level: INFO,message: Client with email: lucas@gmail.com was registered successfully;
timestamp: 2024-05-18 19:40:05.864,level: INFO,message: Client with email: lucas@gmail.com was registered successfully;
timestamp: 2024-05-18 19:40:05.925,level: INFO,message: User with email: lucas@gmail.com was updated successfully. new email: lucas@gmail.com;
timestamp: 2024-05-18 19:40:24.906,level: INFO,message: Client with email: lucas@gmail.com was registered successfully;
timestamp: 2024-05-18 19:40:25.011,level: INFO,message: User with email: lucas@gmail.com was updated successfully. new email: lucas@gmail.com;
timestamp: 2024-05-18 19:40:26.77,level: INFO,message: Client with email: lucas@gmail.com was registered successfully;
timestamp: 2024-05-18 19:40:26.825,level: INFO,message: User with email: lucas@gmail.com was updated successfully. new email: lucas@gmail.com;
timestamp: 2024-05-18 19:40:48.646,level: INFO,message: Client with email: lucas@gmail.com was registered successfully;
timestamp: 2024-05-18 19:40:48.701,level: INFO,message: User with email: lucas@gmail.com was updated successfully. new email: lucas@gmail.com;
timestamp: 2024-05-18 19:48:25.618,level: INFO,message: Client with email: lucas@gmail.com was registered successfully;
timestamp: 2024-05-18 19:48:25.673,level: INFO,message: User with email: lucas@gmail.com was updated successfully. new email: lucas@gmail.com;
timestamp: 2024-05-18 19:49:44.67,level: INFO,message: Client with email: lucas@gmail.com was registered successfully;
timestamp: 2024-05-18 19:49:44.715,level: INFO,message: User with email: lucas@gmail.com was updated successfully. new email: lucas@gmail.com;
timestamp: 2024-05-18 19:50:26.287,level: INFO,message: Client with email: lucas@gmail.com was deleted successfully;
timestamp: 2024-05-18 19:50:26.326,level: INFO,message: Client with email: lucas@gmail.com was registered successfully;
timestamp: 2024-05-18 19:50:26.347,level: INFO,message: User with email: lucas@gmail.com was updated successfully. new email: lucas@gmail.com;
timestamp: 2024-05-18 19:52:15.824,level: INFO,message: Client with email: lucas@gmail.com was deleted successfully;
timestamp: 2024-05-18 19:52:15.879,level: INFO,message: Client with email: lucas@gmail.com was registered successfully;
timestamp: 2024-05-18 19:52:15.906,level: INFO,message: User with email: lucas@gmail.com was updated successfully. new email: lucas@gmail.com;
timestamp: 2024-05-18 19:57:02.82,level: INFO,message: Get client with email: lucas@gmail.com successfully;
timestamp: 2024-05-18 19:57:58.026,level: INFO,message: Client with email: lucas@gmail.com was deleted successfully;
timestamp: 2024-05-18 19:57:58.067,level: INFO,message: Get client with email: lucas@gmail.com successfully;
timestamp: 2024-05-18 19:57:58.079,level: INFO,message: Client with email: lucas@gmail.com was registered successfully;
timestamp: 2024-05-18 19:57:58.105,level: INFO,message: User with email: lucas@gmail.com was updated successfully. new email: lucas@gmail.com;
timestamp: 2024-05-18 20:04:16.646,level: INFO,message: Client with email: lucas@gmail.com was deleted successfully;
timestamp: 2024-05-18 20:04:16.811,level: INFO,message: Get client with email: lucas@gmail.com successfully;
timestamp: 2024-05-18 20:04:16.903,level: INFO,message: Client with email: lucas@gmail.com was registered successfully;
timestamp: 2024-05-18 20:04:16.964,level: INFO,message: User with email: lucas@gmail.com was updated successfully. new email: lucas@gmail.com;
timestamp: 2024-05-18 20:06:21.507,level: INFO,message: Client with email: lucas@gmail.com was deleted successfully;
timestamp: 2024-05-18 20:06:21.649,level: INFO,message: Get client with email: lucas@gmail.com successfully;
timestamp: 2024-05-18 20:06:21.749,level: INFO,message: Client with email: lucas@gmail.com was registered successfully;
timestamp: 2024-05-18 20:06:21.817,level: INFO,message: User with email: lucas@gmail.com was updated successfully. new email: lucas@gmail.com;
timestamp: 2024-05-18 20:07:01.023,level: INFO,message: Client with email: lucas@gmail.com was deleted successfully;
timestamp: 2024-05-18 20:07:01.068,level: INFO,message: Get client with email: lucas@gmail.com successfully;
timestamp: 2024-05-18 20:07:01.081,level: INFO,message: Getting all clients of database;
timestamp: 2024-05-18 20:07:01.087,level: INFO,message: Client with email: lucas@gmail.com was registered successfully;
timestamp: 2024-05-18 20:07:01.112,level: INFO,message: User with email: lucas@gmail.com was updated successfully. new email: lucas@gmail.com;
timestamp: 2024-05-18 20:07:40.902,level: INFO,message: Client with email: lucas@gmail.com was deleted successfully;
timestamp: 2024-05-18 20:07:40.958,level: INFO,message: Get client with email: lucas@gmail.com successfully;
timestamp: 2024-05-18 20:07:40.974,level: INFO,message: Getting all clients of database;
timestamp: 2024-05-18 20:07:40.989,level: INFO,message: Client with email: lucas@gmail.com was registered successfully;
timestamp: 2024-05-18 20:07:41.017,level: INFO,message: User with email: lucas@gmail.com was updated successfully. new email: lucas@gmail.com;
timestamp: 2024-05-18 20:10:35.025,level: INFO,message: Client with email: lucas@gmail.com was deleted successfully;
timestamp: 2024-05-18 20:10:35.151,level: INFO,message: Get client with email: lucas@gmail.com successfully;
timestamp: 2024-05-18 20:10:35.163,level: INFO,message: Getting all clients of database;
timestamp: 2024-05-18 20:10:35.178,level: INFO,message: Client with email: lucas@gmail.com was registered successfully;
timestamp: 2024-05-18 20:10:35.203,level: INFO,message: User with email: lucas@gmail.com was updated successfully. new email: lucas@gmail.com;
timestamp: 2024-05-18 20:10:44.628,level: INFO,message: Client with email: lucas@gmail.com was deleted successfully;
timestamp: 2024-05-18 20:10:44.673,level: INFO,message: Getting all disable clients of database;
timestamp: 2024-05-18 20:10:44.7,level: INFO,message: Get client with email: lucas@gmail.com successfully;
timestamp: 2024-05-18 20:10:44.714,level: INFO,message: Getting all clients of database;
timestamp: 2024-05-18 20:10:44.725,level: INFO,message: Client with email: lucas@gmail.com was registered successfully;
timestamp: 2024-05-18 20:10:44.754,level: INFO,message: User with email: lucas@gmail.com was updated successfully. new email: lucas@gmail.com;
timestamp: 2024-05-18 20:12:11.475,level: INFO,message: Client with email: lucas@gmail.com was deleted successfully;
timestamp: 2024-05-18 20:12:11.523,level: INFO,message: Getting all disable clients of database;
timestamp: 2024-05-18 20:12:11.552,level: INFO,message: Get client with email: lucas@gmail.com successfully;
timestamp: 2024-05-18 20:12:11.566,level: INFO,message: Getting all clients of database;
timestamp: 2024-05-18 20:12:11.583,level: INFO,message: Client with email: lucas@gmail.com was registered successfully;
timestamp: 2024-05-18 20:12:11.616,level: INFO,message: User with email: lucas@gmail.com was updated successfully. new email: lucas@gmail.com;
timestamp: 2024-05-18 20:13:19.275,level: INFO,message: Client with email: lucas@gmail.com was deleted successfully;
timestamp: 2024-05-18 20:13:19.32,level: INFO,message: Getting all disable clients of database;
timestamp: 2024-05-18 20:13:19.353,level: INFO,message: Get client with email: lucas@gmail.com successfully;
timestamp: 2024-05-18 20:13:19.368,level: INFO,message: Getting all clients of database;
timestamp: 2024-05-18 20:13:19.385,level: INFO,message: Client with email: lucas@gmail.com was registered successfully;
timestamp: 2024-05-18 20:13:19.416,level: INFO,message: User with email: lucas@gmail.com was updated successfully. new email: lucas@gmail.com;
timestamp: 2024-05-18 20:22:52.14,level: INFO,message: Getting all clients of database;
timestamp: 2024-05-18 20:23:13.291,level: INFO,message: Client with email: jorge.galvao@gmail.com was registered successfully;
timestamp: 2024-05-18 20:31:28.565,level: INFO,message: Getting all clients of database;
