timestamp: 2024-05-15 22:38:34.464,level: WARN,message: Trying update client with email: email but is not registered;
timestamp: 2024-05-15 22:40:35.88,level: WARN,message: Trying save a user with email: lucaspio.galvao@gmail.com but already is registered;
timestamp: 2024-05-15 22:42:31.072,level: WARN,message: Trying update client with email: email but is not registered;
timestamp: 2024-05-15 22:42:37.725,level: WARN,message: Trying update client with email: email@gmail.com but is not registered;
timestamp: 2024-05-15 22:49:08.086,level: WARN,message: Trying update client with email: email@gmail.com but is not registered;
timestamp: 2024-05-16 09:15:49.894,level: WARN,message: Trying save a user with email: marcelo.korin@gmail.com but already is registered;
timestamp: 2024-05-16 09:15:56.1,level: WARN,message: Trying save a user with email: marcelo.korin@gmail.com but already is registered;
timestamp: 2024-05-18 19:19:20.522,level: WARN,message: Trying save a user with email: lucas@gmail.com but is disabled;
timestamp: 2024-05-18 19:22:19.408,level: WARN,message: Trying save a user with email: lucas@gmail.com but is disabled;
timestamp: 2024-05-18 19:22:49.192,level: WARN,message: Trying save a user with email: lucas@gmail.com but is disabled;
timestamp: 2024-05-18 19:23:02.959,level: WARN,message: Trying save a user with email: lucas@gmail.com but is disabled;
timestamp: 2024-05-18 19:23:47.741,level: WARN,message: Trying save a user with email: lucas@gmail.com but is disabled;
timestamp: 2024-05-18 19:23:47.753,level: WARN,message: Trying save a user with email: lucas@gmail.com but already is registered;
timestamp: 2024-05-18 19:23:56.923,level: WARN,message: Trying save a user with email: lucas@gmail.com but already is registered;
timestamp: 2024-05-18 19:24:34.769,level: WARN,message: Trying save a user with email: lucas@gmail.com but already is registered;
timestamp: 2024-05-18 19:24:34.822,level: WARN,message: Trying save a user with email: lucas@gmail.com but already is registered;
timestamp: 2024-05-18 19:24:47.559,level: WARN,message: Trying save a user with email: lucas@gmail.com but is disabled;
timestamp: 2024-05-18 19:24:47.568,level: WARN,message: Trying save a user with email: lucas@gmail.com but already is registered;
timestamp: 2024-05-18 19:35:59.739,level: WARN,message: Trying save a user with email: lucas@gmail.com but is disabled;
timestamp: 2024-05-18 19:35:59.751,level: WARN,message: Trying save a user with email: lucas@gmail.com but already is registered;
timestamp: 2024-05-18 19:36:36.933,level: WARN,message: Trying save a user with email: lucas@gmail.com but is disabled;
timestamp: 2024-05-18 19:36:36.943,level: WARN,message: Trying save a user with email: lucas@gmail.com but already is registered;
timestamp: 2024-05-18 19:36:36.949,level: WARN,message: Trying update client with email: lucas@gmail.com but is not registered;
timestamp: 2024-05-18 19:40:05.904,level: WARN,message: Trying save a user with email: lucas@gmail.com but is disabled;
timestamp: 2024-05-18 19:40:05.915,level: WARN,message: Trying save a user with email: lucas@gmail.com but already is registered;
timestamp: 2024-05-18 19:40:05.945,level: WARN,message: Trying update client with email: lucas@gmail.com but is not registered;
timestamp: 2024-05-18 19:40:24.981,level: WARN,message: Trying save a user with email: lucas@gmail.com but is disabled;
timestamp: 2024-05-18 19:40:24.999,level: WARN,message: Trying save a user with email: lucas@gmail.com but already is registered;
timestamp: 2024-05-18 19:40:25.056,level: WARN,message: Trying update client with email: lucas@gmail.com but is not registered;
timestamp: 2024-05-18 19:40:26.806,level: WARN,message: Trying save a user with email: lucas@gmail.com but is disabled;
timestamp: 2024-05-18 19:40:26.816,level: WARN,message: Trying save a user with email: lucas@gmail.com but already is registered;
timestamp: 2024-05-18 19:40:26.848,level: WARN,message: Trying update client with email: lucas@gmail.com but is not registered;
timestamp: 2024-05-18 19:40:48.687,level: WARN,message: Trying save a user with email: lucas@gmail.com but is disabled;
timestamp: 2024-05-18 19:40:48.695,level: WARN,message: Trying save a user with email: lucas@gmail.com but already is registered;
timestamp: 2024-05-18 19:40:48.709,level: WARN,message: Trying update client with email: lucas@gmail.com but is not registered;
timestamp: 2024-05-18 19:48:25.652,level: WARN,message: Trying save a user with email: lucas@gmail.com but is disabled;
timestamp: 2024-05-18 19:48:25.666,level: WARN,message: Trying save a user with email: lucas@gmail.com but already is registered;
timestamp: 2024-05-18 19:48:25.678,level: WARN,message: Trying update client with email: lucas@gmail.com but is not registered;
timestamp: 2024-05-18 19:49:44.696,level: WARN,message: Trying save a user with email: lucas@gmail.com but is disabled;
timestamp: 2024-05-18 19:49:44.709,level: WARN,message: Trying save a user with email: lucas@gmail.com but already is registered;
timestamp: 2024-05-18 19:49:44.72,level: WARN,message: Trying update client with email: lucas@gmail.com but is not registered;
timestamp: 2024-05-18 19:50:26.338,level: WARN,message: Trying save a user with email: lucas@gmail.com but is disabled;
timestamp: 2024-05-18 19:50:26.343,level: WARN,message: Trying save a user with email: lucas@gmail.com but already is registered;
timestamp: 2024-05-18 19:50:26.353,level: WARN,message: Trying update client with email: lucas@gmail.com but is not registered;
timestamp: 2024-05-18 19:52:15.871,level: WARN,message: Trying delete client with email: lucas@gmail.combut not registered;
timestamp: 2024-05-18 19:52:15.893,level: WARN,message: Trying save a user with email: lucas@gmail.com but is disabled;
timestamp: 2024-05-18 19:52:15.9,level: WARN,message: Trying save a user with email: lucas@gmail.com but already is registered;
timestamp: 2024-05-18 19:52:15.913,level: WARN,message: Trying update client with email: lucas@gmail.com but is not registered;
timestamp: 2024-05-18 19:57:58.062,level: WARN,message: Trying delete client with email: lucas@gmail.com but not registered;
timestamp: 2024-05-18 19:57:58.072,level: WARN,message: Trying to get client with email: lucas@gmail.com but is not registered.;
timestamp: 2024-05-18 19:57:58.093,level: WARN,message: Trying save a user with email: lucas@gmail.com but is disabled;
timestamp: 2024-05-18 19:57:58.099,level: WARN,message: Trying save a user with email: lucas@gmail.com but already is registered;
timestamp: 2024-05-18 19:57:58.113,level: WARN,message: Trying update client with email: lucas@gmail.com but is not registered;
timestamp: 2024-05-18 20:04:16.796,level: WARN,message: Trying delete client with email: lucas@gmail.com but not registered;
timestamp: 2024-05-18 20:04:16.829,level: WARN,message: Trying to get client with email: lucas@gmail.com but is not registered.;
timestamp: 2024-05-18 20:04:16.847,level: WARN,message: Trying to get client with email: lucas@gmail.com but is not registered.;
timestamp: 2024-05-18 20:04:16.939,level: WARN,message: Trying save a user with email: lucas@gmail.com but is disabled;
timestamp: 2024-05-18 20:04:16.951,level: WARN,message: Trying save a user with email: lucas@gmail.com but already is registered;
timestamp: 2024-05-18 20:04:16.979,level: WARN,message: Trying update client with email: lucas@gmail.com but is not registered;
timestamp: 2024-05-18 20:06:21.627,level: WARN,message: Trying delete client with email: lucas@gmail.com but not registered;
timestamp: 2024-05-18 20:06:21.666,level: WARN,message: Trying to get client with email: lucas@gmail.com but is not registered.;
timestamp: 2024-05-18 20:06:21.68,level: WARN,message: Trying to get client with email: lucas@gmail.com but is not registered.;
timestamp: 2024-05-18 20:06:21.788,level: WARN,message: Trying save a user with email: lucas@gmail.com but is disabled;
timestamp: 2024-05-18 20:06:21.802,level: WARN,message: Trying save a user with email: lucas@gmail.com but already is registered;
timestamp: 2024-05-18 20:06:21.831,level: WARN,message: Trying update client with email: lucas@gmail.com but is not registered;
timestamp: 2024-05-18 20:07:01.063,level: WARN,message: Trying delete client with email: lucas@gmail.com but not registered;
timestamp: 2024-05-18 20:07:01.074,level: WARN,message: Trying to get client with email: lucas@gmail.com but is not registered.;
timestamp: 2024-05-18 20:07:01.102,level: WARN,message: Trying save a user with email: lucas@gmail.com but is disabled;
timestamp: 2024-05-18 20:07:01.108,level: WARN,message: Trying save a user with email: lucas@gmail.com but already is registered;
timestamp: 2024-05-18 20:07:01.118,level: WARN,message: Trying update client with email: lucas@gmail.com but is not registered;
timestamp: 2024-05-18 20:07:40.95,level: WARN,message: Trying delete client with email: lucas@gmail.com but not registered;
timestamp: 2024-05-18 20:07:40.963,level: WARN,message: Trying to get client with email: lucas@gmail.com but is not registered.;
timestamp: 2024-05-18 20:07:40.981,level: WARN,message: Trying to view all clients but none registered;
timestamp: 2024-05-18 20:07:41.003,level: WARN,message: Trying save a user with email: lucas@gmail.com but is disabled;
timestamp: 2024-05-18 20:07:41.01,level: WARN,message: Trying save a user with email: lucas@gmail.com but already is registered;
timestamp: 2024-05-18 20:07:41.024,level: WARN,message: Trying update client with email: lucas@gmail.com but is not registered;
timestamp: 2024-05-18 20:10:35.117,level: WARN,message: Trying delete client with email: lucas@gmail.com but not registered;
timestamp: 2024-05-18 20:10:35.125,level: WARN,message: Trying to view all clients but none registered;
timestamp: 2024-05-18 20:10:35.156,level: WARN,message: Trying to get client with email: lucas@gmail.com but is not registered.;
timestamp: 2024-05-18 20:10:35.169,level: WARN,message: Trying to view all clients but none registered;
timestamp: 2024-05-18 20:10:35.192,level: WARN,message: Trying save a user with email: lucas@gmail.com but is disabled;
timestamp: 2024-05-18 20:10:35.198,level: WARN,message: Trying save a user with email: lucas@gmail.com but already is registered;
timestamp: 2024-05-18 20:10:35.208,level: WARN,message: Trying update client with email: lucas@gmail.com but is not registered;
timestamp: 2024-05-18 20:10:44.666,level: WARN,message: Trying delete client with email: lucas@gmail.com but not registered;
timestamp: 2024-05-18 20:10:44.707,level: WARN,message: Trying to get client with email: lucas@gmail.com but is not registered.;
timestamp: 2024-05-18 20:10:44.72,level: WARN,message: Trying to view all clients but none registered;
timestamp: 2024-05-18 20:10:44.74,level: WARN,message: Trying save a user with email: lucas@gmail.com but is disabled;
timestamp: 2024-05-18 20:10:44.748,level: WARN,message: Trying save a user with email: lucas@gmail.com but already is registered;
timestamp: 2024-05-18 20:10:44.759,level: WARN,message: Trying update client with email: lucas@gmail.com but is not registered;
timestamp: 2024-05-18 20:12:11.515,level: WARN,message: Trying delete client with email: lucas@gmail.com but not registered;
timestamp: 2024-05-18 20:12:11.544,level: WARN,message: Trying to view all disabled clients but not have disabled clients;
timestamp: 2024-05-18 20:12:11.559,level: WARN,message: Trying to get client with email: lucas@gmail.com but is not registered.;
timestamp: 2024-05-18 20:12:11.575,level: WARN,message: Trying to view all clients but none registered;
timestamp: 2024-05-18 20:12:11.601,level: WARN,message: Trying save a user with email: lucas@gmail.com but is disabled;
timestamp: 2024-05-18 20:12:11.608,level: WARN,message: Trying save a user with email: lucas@gmail.com but already is registered;
timestamp: 2024-05-18 20:12:11.621,level: WARN,message: Trying update client with email: lucas@gmail.com but is not registered;
